0,2,1,2,1,2,406,201,31,89,1,0,99,0,0
0,2,1,2,1,2,412,202,32,90,1,0,102,0,0
1,2,1,2,1,2,418,203,32,90,0,0,103,0,0
1,2,1,2,1,2,424,204,32,90,0,0,103,0,0
2,2,1,2,1,2,430,205,32,90,0,0,103,0,0
2,2,1,2,1,2,436,206,32,90,0,0,104,0,0
3,2,1,2,1,2,442,207,32,90,0,0,105,0,0
3,2,1,2,1,2,448,208,32,90,0,0,105,0,0
4,2,1,2,1,2,454,209,32,90,0,0,105,0,0
4,2,1,2,1,2,460,210,32,90,0,0,106,0,0
5,2,1,2,1,2,466,211,33,90,0,0,107,0,0
5,2,1,2,1,2,472,212,33,90,0,0,107,0,0
6,2,1,2,1,2,478,213,33,90,0,0,107,0,0
6,2,1,2,1,2,484,214,33,90,0,0,107,0,0
7,2,1,2,1,2,490,215,33,90,0,0,107,0,0
7,2,1,2,1,2,496,216,33,90,0,0,107,0,0
8,2,1,2,1,2,502,217,33,90,0,0,107,0,0
8,2,1,2,1,2,508,218,33,91,1,0,107,0,0
9,2,1,2,1,2,514,219,33,91,0,0,107,0,0
9,2,1,2,1,2,520,220,33,91,0,0,107,0,0
10,2,1,2,1,2,526,221,33,91,0,0,107,0,0
10,2,1,2,1,2,532,222,33,91,0,0,107,0,0
11,2,1,2,1,2,538,223,33,92,1,0,107,0,0
11,2,1,2,1,2,544,224,33,92,0,0,107,0,0
12,2,1,2,1,2,550,225,33,92,0,0,107,0,0
12,2,1,2,1,2,556,226,34,92,0,0,108,0,0
13,2,1,2,1,2,562,227,34,92,0,0,108,0,0
13,2,1,2,1,2,568,228,34,93,1,0,108,0,0
14,2,1,2,1,2,574,229,34,93,0,0,108,0,0
14,2,1,2,1,2,580,230,34,93,0,0,108,0,0
15,2,1,2,1,2,586,231,34,93,0,0,108,0,0
15,2,1,2,1,2,592,232,34,93,0,0,108,0,0
16,2,1,2,1,2,598,233,34,93,0,0,108,0,0
16,2,1,2,1,2,604,234,34,93,0,0,108,0,0
17,2,1,2,1,2,610,235,34,93,0,0,108,0,0
17,2,1,2,1,2,616,236,34,93,0,0,109,0,0
18,2,1,2,1,2,622,237,34,93,0,0,109,0,0
18,2,1,2,1,2,628,238,34,93,0,0,109,0,0
19,2,1,2,1,2,634,239,34,93,0,0,109,0,0
19,2,1,2,1,2,640,240,34,93,0,0,110,0,0
20,2,1,2,1,2,646,241,35,93,0,0,111,0,0
20,2,1,2,1,2,652,242,35,93,0,0,111,0,0
21,2,1,2,1,2,658,243,35,93,0,0,111,0,0
21,2,1,2,1,2,664,244,35,93,0,0,111,0,0
22,2,1,2,1,2,670,245,35,93,0,0,111,0,0
22,2,1,2,1,2,676,246,35,94,1,0,111,0,0
23,2,1,2,1,2,682,247,35,95,1,0,111,0,0
23,2,1,2,1,2,688,248,35,95,0,0,111,0,0
24,2,1,2,1,2,694,249,35,95,0,0,111,0,0
24,2,1,2,1,2,700,250,35,95,0,0,111,0,0
25,2,1,2,1,2,706,251,35,95,0,0,111,0,0
25,2,1,2,1,2,712,252,35,95,0,0,112,0,0
26,2,1,2,1,2,718,253,35,95,0,0,112,0,0
26,2,1,2,1,2,724,254,35,95,0,0,112,0,0
27,2,1,2,1,2,730,255,35,95,0,0,112,0,0
27,2,1,2,1,2,736,256,35,95,0,0,112,0,0
28,2,1,2,1,2,742,257,35,95,0,0,113,0,0
28,2,1,2,1,2,748,258,35,96,1,0,113,0,0
29,2,1,2,1,2,754,259,35,96,0,0,113,0,0
29,2,1,2,1,2,760,260,35,96,0,0,125,0,0
30,2,1,2,1,2,766,261,35,96,0,0,125,0,0
30,2,1,2,1,2,772,262,35,96,0,0,125,0,0
31,2,1,2,1,2,778,263,36,96,0,0,126,0,0
31,2,1,2,1,2,784,264,36,96,0,0,126,0,0
32,2,1,2,1,2,790,265,36,96,0,0,126,0,0
32,2,1,2,1,2,796,266,36,96,0,0,126,0,0
33,2,1,2,1,2,802,267,36,96,0,0,126,0,0
33,2,1,2,1,2,808,268,36,96,0,0,126,0,0
34,2,1,2,1,2,814,269,36,96,0,0,135,0,0
34,2,1,2,1,2,820,270,36,96,0,0,136,0,0
35,2,1,2,1,2,826,271,36,97,1,0,136,0,0
35,2,1,2,1,2,832,272,36,97,0,0,136,0,0
36,2,1,2,1,2,838,273,36,97,0,0,136,0,0
36,2,1,2,1,2,844,274,36,98,1,0,136,0,0
37,2,1,2,1,2,850,275,36,98,0,0,136,0,0
37,2,1,2,1,2,856,276,36,98,0,0,136,0,0
38,2,1,2,1,2,862,277,36,99,1,0,136,0,0
38,2,1,2,1,2,868,278,36,99,0,0,136,0,0
39,2,1,2,1,2,874,279,36,99,0,0,136,0,0
39,2,1,2,1,2,880,280,36,99,0,0,136,0,0
40,2,1,2,1,2,886,281,36,99,0,0,136,0,0
40,2,1,2,1,2,892,282,36,99,0,0,136,0,0
41,2,1,2,1,2,898,283,36,99,0,0,137,0,0
41,2,1,2,1,2,904,284,36,99,0,0,137,0,0
42,2,1,2,1,2,910,285,36,99,0,0,137,0,0
42,2,1,2,1,2,916,286,36,99,0,0,138,0,0
43,2,1,2,1,2,922,287,36,99,0,0,138,0,0
43,2,1,2,1,2,928,288,36,99,0,0,138,0,0
44,2,1,2,1,2,934,289,36,99,0,0,139,0,0
44,2,1,2,1,2,940,290,36,99,0,0,140,0,0
45,2,1,2,1,2,946,291,36,99,0,0,140,0,0
45,2,1,2,1,2,952,292,36,99,0,0,140,0,0
46,2,1,2,1,2,958,293,36,100,1,0,140,0,0
46,2,1,2,1,2,964,294,36,100,0,0,140,0,0
47,2,1,2,1,2,970,295,36,100,0,0,140,0,0
47,2,1,2,1,2,976,296,36,100,0,0,140,0,0
48,2,1,2,1,2,982,297,36,100,0,0,140,0,0
48,2,1,2,1,2,988,298,36,100,0,0,140,0,0
49,2,1,2,1,2,994,299,36,100,0,0,140,0,0
49,2,1,2,1,2,1000,300,36,100,0,0,140,0,0
50,2,1,2,1,2,1006,301,36,100,0,0,140,0,0
50,2,1,2,1,2,1012,302,36,100,0,0,140,0,0
51,2,1,2,1,2,1018,303,36,100,0,0,140,0,0
51,2,1,2,1,2,1024,304,36,100,0,0,140,0,0
52,2,1,2,1,2,1030,305,36,100,0,0,140,0,0
52,2,1,2,1,2,1036,306,36,100,0,0,140,0,0
53,2,1,2,1,2,1042,307,36,100,0,0,140,0,0
53,2,1,2,1,2,1048,308,36,100,0,0,140,0,0
54,2,1,2,1,2,1054,309,36,100,0,0,140,0,0
54,2,1,2,1,2,1060,310,36,100,0,0,140,0,0
55,2,1,2,1,2,1066,311,36,100,0,0,140,0,0
55,2,1,2,1,2,1072,312,36,100,0,0,140,0,0
56,2,1,2,1,2,1078,313,36,100,0,0,140,0,0
56,2,1,2,1,2,1084,314,36,100,0,0,140,0,0
57,2,1,2,1,2,1090,315,36,100,0,0,140,0,0
57,2,1,2,1,2,1096,316,36,100,0,0,141,0,0
58,2,1,2,1,2,1102,317,36,101,1,0,141,0,0
58,2,1,2,1,2,1108,318,36,101,0,0,141,0,0
59,2,1,2,1,2,1114,319,36,101,0,0,141,0,0
59,2,1,2,1,2,1120,320,36,101,0,0,142,0,0
60,2,1,2,1,2,1126,321,36,103,2,0,142,0,0
60,2,1,2,1,2,1132,322,36,103,0,0,142,0,0
61,2,1,2,1,2,1138,323,43,103,0,0,149,0,0
61,2,1,2,1,2,1144,324,44,103,0,0,150,0,0
62,2,1,2,1,2,1150,325,44,103,0,0,150,0,0
62,2,1,2,1,2,1156,326,44,103,0,0,150,0,0
63,2,1,2,1,2,1162,327,44,103,0,0,150,0,0
63,2,1,2,1,2,1168,328,44,103,0,0,150,0,0
64,2,1,2,1,2,1174,329,44,103,0,0,150,0,0
64,2,1,2,1,2,1180,330,44,103,0,0,150,0,0
65,2,1,2,1,2,1186,331,44,103,0,0,150,0,0
65,2,1,2,1,2,1192,332,44,103,0,0,150,0,0
66,2,1,2,1,2,1198,333,44,103,0,0,151,0,0
66,2,1,2,1,2,1204,334,44,103,0,0,152,0,0
67,2,1,2,1,2,1210,335,44,103,0,0,153,0,0
67,2,1,2,1,2,1216,336,44,103,0,0,153,0,0
68,2,1,2,1,2,1222,337,44,103,0,0,153,0,0
68,2,1,2,1,2,1228,338,44,103,0,0,153,0,0
69,2,1,2,1,2,1234,339,44,103,0,0,153,0,0
69,2,1,2,1,2,1240,340,44,104,1,0,153,0,0
70,2,1,2,1,2,1246,341,44,104,0,0,153,0,0
70,2,1,2,1,2,1252,342,44,104,0,0,155,0,0
71,2,1,2,1,2,1258,343,44,104,0,0,155,0,0
71,2,1,2,1,2,1264,344,44,104,0,0,156,0,0
72,2,1,2,1,2,1270,345,44,104,0,0,156,0,0
72,2,1,2,1,2,1276,346,44,104,0,0,156,0,0
73,2,1,2,1,2,1282,347,44,104,0,0,156,0,0
73,2,1,2,1,2,1288,348,44,104,0,0,156,0,0
74,2,1,2,1,2,1294,349,44,104,0,0,156,0,0
74,2,1,2,1,2,1300,350,44,104,0,0,158,0,0
75,2,1,2,1,2,1306,351,45,104,0,0,159,0,0
75,2,1,2,1,2,1312,352,45,104,0,0,159,0,0
76,2,1,2,1,2,1318,353,45,104,0,0,159,0,0
76,2,1,2,1,2,1324,354,45,104,0,0,160,0,0
77,2,1,2,1,2,1330,355,45,104,0,0,160,0,0
77,2,1,2,1,2,1336,356,45,104,0,0,160,0,0
78,2,1,2,1,2,1342,357,45,104,0,0,160,0,0
78,2,1,2,1,2,1348,358,45,104,0,0,160,0,0
79,2,1,2,1,2,1354,359,45,104,0,0,160,0,0
79,2,1,2,1,2,1360,360,46,104,0,0,161,0,0
80,2,1,2,1,2,1366,361,46,105,1,0,161,0,0
80,2,1,2,1,2,1372,362,46,105,0,0,161,0,0
81,2,1,2,1,2,1378,363,46,105,0,0,161,0,0
81,2,1,2,1,2,1384,364,46,105,0,0,161,0,0
82,2,1,2,1,2,1390,365,46,105,0,0,161,0,0
82,2,1,2,1,2,1396,366,46,105,0,0,161,0,0
83,2,1,2,1,2,1402,367,46,105,0,0,161,0,0
83,2,1,2,1,2,1408,368,46,105,0,0,161,0,0
84,2,1,2,1,2,1414,369,47,105,0,0,162,0,0
84,2,1,2,1,2,1420,370,47,105,0,0,162,0,0
85,2,1,2,1,2,1426,371,47,105,0,0,162,0,0
85,2,1,2,1,2,1432,372,47,105,0,0,163,0,0
86,2,1,2,1,2,1438,373,47,105,0,0,163,0,0
86,2,1,2,1,2,1444,374,47,105,0,0,163,0,0
87,2,1,2,1,2,1450,375,47,105,0,0,163,0,0
87,2,1,2,1,2,1456,376,47,105,0,0,163,0,0
88,2,1,2,1,2,1462,377,47,105,0,0,163,0,0
88,2,1,2,1,2,1468,378,47,105,0,0,163,0,0
89,2,1,2,1,2,1474,379,47,105,0,0,163,0,0
89,2,1,2,1,2,1480,380,47,105,0,0,163,0,0
90,2,1,2,1,2,1486,381,47,105,0,0,163,0,0
90,2,1,2,1,2,1492,382,47,105,0,0,163,0,0
91,2,1,2,1,2,1498,383,47,105,0,0,163,0,0
91,2,1,2,1,2,1504,384,47,105,0,0,163,0,0
92,2,1,2,1,2,1510,385,47,105,0,0,163,0,0
92,2,1,2,1,2,1516,386,47,105,0,0,163,0,0
93,2,1,2,1,2,1522,387,47,105,0,0,164,0,0
93,2,1,2,1,2,1528,388,47,105,0,0,164,0,0
94,2,1,2,1,2,1534,389,47,105,0,0,164,0,0
94,2,1,2,1,2,1540,390,47,105,0,0,164,0,0
95,2,1,2,1,2,1546,391,47,105,0,0,164,0,0
95,2,1,2,1,2,1552,392,47,105,0,0,165,0,0
96,2,1,2,1,2,1558,393,47,105,0,0,165,0,0
96,2,1,2,1,2,1564,394,47,105,0,0,165,0,0
97,2,1,2,1,2,1570,395,47,105,0,0,166,0,0
97,2,1,2,1,2,1576,396,47,105,0,0,166,0,0
98,2,1,2,1,2,1582,397,47,105,0,0,166,0,0
98,2,1,2,1,2,1588,398,47,105,0,0,166,0,0
99,2,1,2,1,2,1594,399,47,105,0,0,166,0,0
99,2,1,2,1,2,1600,400,47,105,0,0,166,0,0
