0,1,6,6,1,1,234713,5410,916,1046,0,0,1977,0,4565
0,1,6,6,1,1,234715,5411,916,1046,0,0,1977,0,4565
1,1,6,6,1,1,234717,5412,916,1046,0,0,1977,0,4565
1,1,6,6,1,1,234719,5413,916,1046,0,0,1977,0,4565
2,1,6,6,1,1,234721,5414,916,1046,0,0,1977,0,4565
2,1,6,6,1,1,234723,5415,916,1046,0,0,1977,0,4565
3,1,6,6,1,1,234725,5416,916,1046,0,0,1977,0,4565
3,1,6,6,1,1,234727,5417,916,1046,0,0,1977,0,4565
4,1,6,6,1,1,234729,5418,916,1046,0,0,1977,0,4565
4,1,6,6,1,1,234731,5419,916,1046,0,0,1977,0,4565
5,1,6,6,1,1,234733,5420,916,1046,0,0,1977,0,4565
5,1,6,6,1,1,234735,5421,916,1046,0,0,1977,0,4565
6,1,6,6,1,1,234737,5422,916,1046,0,0,1977,0,4565
6,1,6,6,1,1,234739,5423,916,1046,0,0,1977,0,4565
7,1,6,6,1,1,234741,5424,916,1046,0,0,1977,0,4565
7,1,6,6,1,1,234743,5425,916,1046,0,0,1977,0,4565
8,1,6,6,1,1,234745,5426,916,1046,0,0,1977,0,4565
8,1,6,6,1,1,234747,5427,916,1046,0,0,1977,0,4565
9,1,6,6,1,1,234749,5428,916,1046,0,0,1977,0,4565
9,1,6,6,1,1,234751,5429,916,1046,0,0,1977,0,4565
10,1,6,6,1,1,234753,5430,916,1046,0,0,1977,0,4565
10,1,6,6,1,1,234755,5431,916,1046,0,0,1977,0,4565
11,1,6,6,1,1,234757,5432,916,1046,0,0,1977,0,4565
11,1,6,6,1,1,234759,5433,916,1046,0,0,1977,0,4565
12,1,6,6,1,1,234761,5434,916,1046,0,0,1977,0,4565
12,1,6,6,1,1,234763,5435,916,1046,0,0,1977,0,4565
13,1,6,6,1,1,234765,5436,916,1046,0,0,1977,0,4565
13,1,6,6,1,1,234767,5437,916,1046,0,0,1977,0,4565
14,1,6,6,1,1,234769,5438,916,1046,0,0,1977,0,4565
14,1,6,6,1,1,234771,5439,916,1046,0,0,1977,0,4565
15,1,6,6,1,1,234773,5440,916,1046,0,0,1978,0,4565
15,1,6,6,1,1,234775,5441,916,1046,0,0,1978,0,4565
16,1,6,6,1,1,234777,5442,916,1046,0,0,1978,0,4565
16,1,6,6,1,1,234779,5443,916,1046,0,0,1978,0,4565
17,1,6,6,1,1,234781,5444,916,1046,0,0,1978,0,4565
17,1,6,6,1,1,234783,5445,916,1046,0,0,1978,0,4565
18,1,6,6,1,1,234785,5446,916,1046,0,0,1978,0,4565
18,1,6,6,1,1,234787,5447,916,1046,0,0,1978,0,4565
19,1,6,6,1,1,234789,5448,916,1046,0,0,1978,0,4565
19,1,6,6,1,1,234791,5449,916,1046,0,0,1978,0,4565
20,1,6,6,1,1,234793,5450,916,1047,1,0,1978,0,4565
20,1,6,6,1,1,234795,5451,916,1047,0,0,1978,0,4565
21,1,6,6,1,1,234797,5452,916,1047,0,0,1978,0,4565
21,1,6,6,1,1,234799,5453,916,1047,0,0,1978,0,4565
22,1,6,6,1,1,234801,5454,916,1047,0,0,1978,0,4565
22,1,6,6,1,1,234803,5455,916,1047,0,0,1978,0,4565
23,1,6,6,1,1,234805,5456,916,1047,0,0,1978,0,4565
23,1,6,6,1,1,234807,5457,916,1047,0,0,1978,0,4565
24,1,6,6,1,1,234809,5458,916,1047,0,0,1978,0,4565
24,1,6,6,1,1,234811,5459,916,1047,0,0,1978,0,4565
25,1,6,6,1,1,234813,5460,916,1047,0,0,1978,0,4565
25,1,6,6,1,1,234815,5461,916,1047,0,0,1978,0,4565
26,1,6,6,1,1,234817,5462,916,1047,0,0,1978,0,4565
26,1,6,6,1,1,234819,5463,916,1047,0,0,1978,0,4565
27,1,6,6,1,1,234821,5464,916,1047,0,0,1978,0,4565
27,1,6,6,1,1,234823,5465,916,1047,0,0,1978,0,4565
28,1,6,6,1,1,234825,5466,916,1047,0,0,1978,0,4565
28,1,6,6,1,1,234827,5467,916,1047,0,0,1978,0,4565
29,1,6,6,1,1,234829,5468,916,1047,0,0,1978,0,4565
29,1,6,6,1,1,234831,5469,916,1047,0,0,1978,0,4565
30,1,6,6,1,1,234833,5470,916,1047,0,0,1978,0,4565
30,1,6,6,1,1,234835,5471,916,1047,0,0,1978,0,4565
31,1,6,6,1,1,234837,5472,916,1047,0,0,1978,0,4565
31,1,6,6,1,1,234839,5473,916,1047,0,0,1978,0,4565
32,1,6,6,1,1,234841,5474,916,1047,0,0,1978,0,4565
32,1,6,6,1,1,234843,5475,916,1047,0,0,1978,0,4565
33,1,6,6,1,1,234845,5476,916,1047,0,0,1978,0,4565
33,1,6,6,1,1,234847,5477,916,1047,0,0,1978,0,4565
34,1,6,6,1,1,234849,5478,916,1047,0,0,1978,0,4565
34,1,6,6,1,1,234851,5479,916,1047,0,0,1978,0,4565
35,1,6,6,1,1,234853,5480,916,1047,0,0,1978,0,4565
35,1,6,6,1,1,234855,5481,916,1047,0,0,1978,0,4565
36,1,6,6,1,1,234857,5482,916,1047,0,0,1978,0,4565
36,1,6,6,1,1,234859,5483,916,1047,0,0,1979,0,4565
37,1,6,6,1,1,234861,5484,916,1047,0,0,1979,0,4565
37,1,6,6,1,1,234863,5485,916,1047,0,0,1979,0,4565
38,1,6,6,1,1,234865,5486,916,1047,0,0,1979,0,4565
38,1,6,6,1,1,234867,5487,916,1047,0,0,1979,0,4565
39,1,6,6,1,1,234869,5488,916,1047,0,0,1979,0,4565
39,1,6,6,1,1,234871,5489,916,1047,0,0,1979,0,4565
40,1,6,6,1,1,234873,5490,916,1047,0,0,1979,0,4565
40,1,6,6,1,1,234875,5491,916,1047,0,0,1979,0,4565
41,1,6,6,1,1,234877,5492,916,1047,0,0,1979,0,4565
41,1,6,6,1,1,234879,5493,916,1047,0,0,1979,0,4565
42,1,6,6,1,1,234881,5494,916,1047,0,0,1979,0,4565
42,1,6,6,1,1,234883,5495,916,1047,0,0,1979,0,4565
43,1,6,6,1,1,234885,5496,916,1047,0,0,1979,0,4565
43,1,6,6,1,1,234887,5497,916,1047,0,0,1979,0,4565
44,1,6,6,1,1,234889,5498,916,1047,0,0,1979,0,4565
44,1,6,6,1,1,234891,5499,916,1047,0,0,1979,0,4565
45,1,6,6,1,1,234893,5500,916,1047,0,0,1979,0,4565
45,1,6,6,1,1,234895,5501,916,1047,0,0,1979,0,4565
46,1,6,6,1,1,234897,5502,916,1047,0,0,1979,0,4565
46,1,6,6,1,1,234899,5503,916,1047,0,0,1980,0,4565
47,1,6,6,1,1,234901,5504,916,1047,0,0,1980,0,4565
47,1,6,6,1,1,234903,5505,916,1047,0,0,1980,0,4565
48,1,6,6,1,1,234905,5506,916,1047,0,0,1980,0,4565
48,1,6,6,1,1,234907,5507,916,1047,0,0,1980,0,4565
49,1,6,6,1,1,234909,5508,916,1047,0,0,1980,0,4565
49,1,6,6,1,1,234911,5509,916,1047,0,0,1980,0,4565
50,1,6,6,1,1,234913,5510,916,1048,1,0,1980,0,4565
50,1,6,6,1,1,234915,5511,916,1048,0,0,1980,0,4565
51,1,6,6,1,1,234917,5512,916,1048,0,0,1980,0,4565
51,1,6,6,1,1,234919,5513,916,1048,0,0,1980,0,4565
52,1,6,6,1,1,234921,5514,916,1048,0,0,1980,0,4565
52,1,6,6,1,1,234923,5515,916,1048,0,0,1980,0,4565
53,1,6,6,1,1,234925,5516,916,1048,0,0,1980,0,4565
53,1,6,6,1,1,234927,5517,916,1048,0,0,1980,0,4565
54,1,6,6,1,1,234929,5518,916,1048,0,0,1980,0,4565
54,1,6,6,1,1,234931,5519,916,1048,0,0,1980,0,4565
55,1,6,6,1,1,234933,5520,916,1048,0,0,1980,0,4565
55,1,6,6,1,1,234935,5521,916,1048,0,0,1980,0,4565
56,1,6,6,1,1,234937,5522,916,1048,0,0,1980,0,4565
56,1,6,6,1,1,234939,5523,916,1048,0,0,1980,0,4565
57,1,6,6,1,1,234941,5524,916,1048,0,0,1980,0,4565
57,1,6,6,1,1,234943,5525,916,1049,1,0,1980,0,4565
58,1,6,6,1,1,234945,5526,916,1049,0,0,1980,0,4565
58,1,6,6,1,1,234947,5527,916,1049,0,0,1980,0,4565
59,1,6,6,1,1,234949,5528,916,1049,0,0,1980,0,4565
59,1,6,6,1,1,234951,5529,916,1049,0,0,1980,0,4565
60,1,6,6,1,1,234953,5530,916,1049,0,0,1980,0,4565
60,1,6,6,1,1,234955,5531,916,1049,0,0,1980,0,4565
61,1,6,6,1,1,234957,5532,916,1049,0,0,1980,0,4565
61,1,6,6,1,1,234959,5533,916,1049,0,0,1980,0,4565
62,1,6,6,1,1,234961,5534,916,1049,0,0,1980,0,4565
62,1,6,6,1,1,234963,5535,916,1050,1,0,1980,0,4565
63,1,6,6,1,1,234965,5536,916,1050,0,0,1980,0,4565
63,1,6,6,1,1,234967,5537,916,1050,0,0,1980,0,4565
64,1,6,6,1,1,234969,5538,916,1050,0,0,1980,0,4565
64,1,6,6,1,1,234971,5539,916,1050,0,0,1980,0,4565
65,1,6,6,1,1,234973,5540,916,1050,0,0,1980,0,4565
65,1,6,6,1,1,234975,5541,916,1050,0,0,1980,0,4565
66,1,6,6,1,1,234977,5542,916,1050,0,0,1980,0,4565
66,1,6,6,1,1,234979,5543,916,1050,0,0,1980,0,4565
67,1,6,6,1,1,234981,5544,916,1050,0,0,1980,0,4565
67,1,6,6,1,1,234983,5545,916,1050,0,0,1981,0,4565
68,1,6,6,1,1,234985,5546,916,1050,0,0,1981,0,4565
68,1,6,6,1,1,234987,5547,916,1050,0,0,1981,0,4565
69,1,6,6,1,1,234989,5548,916,1050,0,0,1981,0,4565
69,1,6,6,1,1,234991,5549,916,1050,0,0,1981,0,4565
70,1,6,6,1,1,234993,5550,916,1050,0,0,1981,0,4565
70,1,6,6,1,1,234995,5551,916,1050,0,0,1981,0,4565
71,1,6,6,1,1,234997,5552,916,1050,0,0,1981,0,4565
71,1,6,6,1,1,234999,5553,916,1050,0,0,1981,0,4565
72,1,6,6,1,1,235001,5554,916,1050,0,0,1981,0,4565
72,1,6,6,1,1,235003,5555,917,1050,0,0,1982,0,4565
73,1,6,6,1,1,235005,5556,917,1050,0,0,1982,0,4565
73,1,6,6,1,1,235007,5557,917,1050,0,0,1982,0,4565
74,1,6,6,1,1,235009,5558,917,1050,0,0,1982,0,4565
74,1,6,6,1,1,235011,5559,917,1050,0,0,1982,0,4565
75,1,6,6,1,1,235013,5560,917,1050,0,0,1982,0,4565
75,1,6,6,1,1,235015,5561,917,1050,0,0,1982,0,4565
76,1,6,6,1,1,235017,5562,917,1050,0,0,1982,0,4565
76,1,6,6,1,1,235019,5563,917,1050,0,0,1982,0,4565
77,1,6,6,1,1,235021,5564,917,1050,0,0,1982,0,4565
77,1,6,6,1,1,235023,5565,917,1050,0,0,1983,0,4565
78,1,6,6,1,1,235025,5566,917,1050,0,0,1983,0,4565
78,1,6,6,1,1,235027,5567,917,1050,0,0,1983,0,4565
79,1,6,6,1,1,235029,5568,917,1050,0,0,1983,0,4565
79,1,6,6,1,1,235031,5569,917,1050,0,0,1983,0,4565
80,1,6,6,1,1,235033,5570,917,1050,0,0,1983,0,4565
80,1,6,6,1,1,235035,5571,917,1050,0,0,1983,0,4565
81,1,6,6,1,1,235037,5572,917,1051,1,0,1983,0,4565
81,1,6,6,1,1,235039,5573,917,1051,0,0,1983,0,4565
82,1,6,6,1,1,235041,5574,917,1051,0,0,1983,0,4565
82,1,6,6,1,1,235043,5575,917,1051,0,0,1983,0,4565
83,1,6,6,1,1,235045,5576,917,1051,0,0,1983,0,4565
83,1,6,6,1,1,235047,5577,917,1051,0,0,1983,0,4565
84,1,6,6,1,1,235049,5578,917,1051,0,0,1983,0,4565
84,1,6,6,1,1,235051,5579,917,1051,0,0,1983,0,4565
85,1,6,6,1,1,235053,5580,917,1051,0,0,1983,0,4565
85,1,6,6,1,1,235055,5581,917,1051,0,0,1983,0,4565
86,1,6,6,1,1,235057,5582,917,1051,0,0,1983,0,4565
86,1,6,6,1,1,235059,5583,917,1051,0,0,1983,0,4565
87,1,6,6,1,1,235061,5584,917,1051,0,0,1983,0,4565
87,1,6,6,1,1,235063,5585,917,1051,0,0,1983,0,4565
88,1,6,6,1,1,235065,5586,917,1051,0,0,1983,0,4565
88,1,6,6,1,1,235067,5587,917,1051,0,0,1983,0,4565
89,1,6,6,1,1,235069,5588,917,1051,0,0,1983,0,4565
89,1,6,6,1,1,235071,5589,917,1051,0,0,1983,0,4565
90,1,6,6,1,1,235073,5590,917,1051,0,0,1983,0,4565
90,1,6,6,1,1,235075,5591,917,1051,0,0,1983,0,4565
91,1,6,6,1,1,235077,5592,917,1052,1,0,1983,0,4565
91,1,6,6,1,1,235079,5593,917,1052,0,0,1983,0,4565
92,1,6,6,1,1,235081,5594,917,1052,0,0,1983,0,4565
92,1,6,6,1,1,235083,5595,917,1052,0,0,1983,0,4565
93,1,6,6,1,1,235085,5596,917,1052,0,0,1983,0,4565
93,1,6,6,1,1,235087,5597,917,1052,0,0,1983,0,4565
94,1,6,6,1,1,235089,5598,917,1052,0,0,1983,0,4565
94,1,6,6,1,1,235091,5599,917,1052,0,0,1983,0,4565
95,1,6,6,1,1,235093,5600,917,1052,0,0,1983,0,4565
95,1,6,6,1,1,235095,5601,917,1052,0,0,1983,0,4565
96,1,6,6,1,1,235097,5602,917,1052,0,0,1983,0,4565
96,1,6,6,1,1,235099,5603,917,1052,0,0,1983,0,4565
97,1,6,6,1,1,235101,5604,917,1052,0,0,1983,0,4565
97,1,6,6,1,1,235103,5605,917,1052,0,0,1983,0,4565
98,1,6,6,1,1,235105,5606,917,1052,0,0,1983,0,4565
98,1,6,6,1,1,235107,5607,917,1052,0,0,1984,0,4565
99,1,6,6,1,1,235109,5608,917,1052,0,0,1984,0,4565
99,1,6,6,1,1,235111,5609,917,1052,0,0,1984,0,4565
