0,5,1,5,1,5,8030,801,67,128,1,0,228,0,0
0,5,1,5,1,5,8060,802,67,128,0,0,229,0,0
1,5,1,5,1,5,8090,803,67,128,0,0,229,0,0
1,5,1,5,1,5,8120,804,67,128,0,0,229,0,0
2,5,1,5,1,5,8150,805,67,128,0,0,229,0,0
2,5,1,5,1,5,8180,806,67,128,0,0,230,0,0
3,5,1,5,1,5,8210,807,67,128,0,0,230,0,0
3,5,1,5,1,5,8240,808,67,128,0,0,230,0,0
4,5,1,5,1,5,8270,809,67,129,1,0,230,0,0
4,5,1,5,1,5,8300,810,67,129,0,0,230,0,0
5,5,1,5,1,5,8330,811,67,129,0,0,230,0,0
5,5,1,5,1,5,8360,812,67,129,0,0,230,0,0
6,5,1,5,1,5,8390,813,67,129,0,0,230,0,0
6,5,1,5,1,5,8420,814,67,129,0,0,230,0,0
7,5,1,5,1,5,8450,815,67,129,0,0,230,0,0
7,5,1,5,1,5,8480,816,67,129,0,0,231,0,0
8,5,1,5,1,5,8510,817,67,129,0,0,231,0,0
8,5,1,5,1,5,8540,818,67,129,0,0,231,0,0
9,5,1,5,1,5,8570,819,67,129,0,0,231,0,0
9,5,1,5,1,5,8600,820,67,129,0,0,231,0,0
10,5,1,5,1,5,8630,821,68,129,0,0,232,0,0
10,5,1,5,1,5,8660,822,68,129,0,0,232,0,0
11,5,1,5,1,5,8690,823,68,129,0,0,232,0,0
11,5,1,5,1,5,8720,824,68,129,0,0,232,0,0
12,5,1,5,1,5,8750,825,68,129,0,0,232,0,0
12,5,1,5,1,5,8780,826,68,129,0,0,233,0,0
13,5,1,5,1,5,8810,827,68,130,1,0,233,0,0
13,5,1,5,1,5,8840,828,68,130,0,0,233,0,0
14,5,1,5,1,5,8870,829,68,130,0,0,233,0,0
14,5,1,5,1,5,8900,830,68,130,0,0,233,0,0
15,5,1,5,1,5,8930,831,68,130,0,0,233,0,0
15,5,1,5,1,5,8960,832,68,130,0,0,233,0,0
16,5,1,5,1,5,8990,833,68,130,0,0,233,0,0
16,5,1,5,1,5,9020,834,68,130,0,0,233,0,0
17,5,1,5,1,5,9050,835,68,130,0,0,233,0,0
17,5,1,5,1,5,9080,836,69,130,0,0,234,0,0
18,5,1,5,1,5,9110,837,69,130,0,0,234,0,0
18,5,1,5,1,5,9140,838,69,130,0,0,234,0,0
19,5,1,5,1,5,9170,839,69,131,1,0,234,0,0
19,5,1,5,1,5,9200,840,69,131,0,0,234,0,0
20,5,1,5,1,5,9230,841,70,131,0,0,235,0,0
20,5,1,5,1,5,9260,842,70,131,0,0,235,0,0
21,5,1,5,1,5,9290,843,70,131,0,0,235,0,0
21,5,1,5,1,5,9320,844,70,131,0,0,235,0,0
22,5,1,5,1,5,9350,845,70,131,0,0,235,0,0
22,5,1,5,1,5,9380,846,70,131,0,0,235,0,0
23,5,1,5,1,5,9410,847,70,131,0,0,235,0,0
23,5,1,5,1,5,9440,848,70,131,0,0,235,0,0
24,5,1,5,1,5,9470,849,70,131,0,0,235,0,0
24,5,1,5,1,5,9500,850,70,131,0,0,236,0,0
25,5,1,5,1,5,9530,851,70,131,0,0,236,0,0
25,5,1,5,1,5,9560,852,70,131,0,0,236,0,0
26,5,1,5,1,5,9590,853,70,131,0,0,236,0,0
26,5,1,5,1,5,9620,854,70,131,0,0,236,0,0
27,5,1,5,1,5,9650,855,71,131,0,0,237,0,0
27,5,1,5,1,5,9680,856,71,131,0,0,237,0,0
28,5,1,5,1,5,9710,857,71,131,0,0,237,0,0
28,5,1,5,1,5,9740,858,71,131,0,0,237,0,0
29,5,1,5,1,5,9770,859,71,131,0,0,237,0,0
29,5,1,5,1,5,9800,860,71,131,0,0,238,0,0
30,5,1,5,1,5,9830,861,71,131,0,0,238,0,0
30,5,1,5,1,5,9860,862,71,131,0,0,238,0,0
31,5,1,5,1,5,9890,863,71,132,1,0,238,0,0
31,5,1,5,1,5,9920,864,71,132,0,0,238,0,0
32,5,1,5,1,5,9950,865,72,132,0,0,239,0,0
32,5,1,5,1,5,9980,866,72,132,0,0,239,0,0
33,5,1,5,1,5,10010,867,72,132,0,0,239,0,0
33,5,1,5,1,5,10040,868,72,132,0,0,239,0,0
34,5,1,5,1,5,10070,869,72,132,0,0,239,0,0
34,5,1,5,1,5,10100,870,72,132,0,0,239,0,0
35,5,1,5,1,5,10130,871,72,132,0,0,239,0,0
35,5,1,5,1,5,10160,872,72,132,0,0,240,0,0
36,5,1,5,1,5,10190,873,72,132,0,0,240,0,0
36,5,1,5,1,5,10220,874,73,132,0,0,241,0,0
37,5,1,5,1,5,10250,875,73,132,0,0,241,0,0
37,5,1,5,1,5,10280,876,73,132,0,0,241,0,0
38,5,1,5,1,5,10310,877,73,133,1,0,241,0,0
38,5,1,5,1,5,10340,878,73,133,0,0,241,0,0
39,5,1,5,1,5,10370,879,73,133,0,0,241,0,0
39,5,1,5,1,5,10400,880,73,133,0,0,241,0,0
40,5,1,5,1,5,10430,881,73,133,0,0,241,0,0
40,5,1,5,1,5,10460,882,73,133,0,0,241,0,0
41,5,1,5,1,5,10490,883,73,133,0,0,241,0,0
41,5,1,5,1,5,10520,884,73,133,0,0,241,0,0
42,5,1,5,1,5,10550,885,73,133,0,0,241,0,0
42,5,1,5,1,5,10580,886,73,133,0,0,242,0,0
43,5,1,5,1,5,10610,887,73,133,0,0,242,0,0
43,5,1,5,1,5,10640,888,73,133,0,0,242,0,0
44,5,1,5,1,5,10670,889,73,134,1,0,242,0,0
44,5,1,5,1,5,10700,890,73,134,0,0,242,0,0
45,5,1,5,1,5,10730,891,73,134,0,0,242,0,0
45,5,1,5,1,5,10760,892,73,134,0,0,242,0,0
46,5,1,5,1,5,10790,893,73,134,0,0,242,0,0
46,5,1,5,1,5,10820,894,73,134,0,0,242,0,0
47,5,1,5,1,5,10850,895,73,134,0,0,242,0,0
47,5,1,5,1,5,10880,896,73,134,0,0,242,0,0
48,5,1,5,1,5,10910,897,73,134,0,0,242,0,0
48,5,1,5,1,5,10940,898,73,134,0,0,242,0,0
49,5,1,5,1,5,10970,899,73,134,0,0,242,0,0
49,5,1,5,1,5,11000,900,74,134,0,0,243,0,0
50,5,1,5,1,5,11030,901,74,134,0,0,243,0,0
50,5,1,5,1,5,11060,902,74,134,0,0,243,0,0
51,5,1,5,1,5,11090,903,74,134,0,0,243,0,0
51,5,1,5,1,5,11120,904,74,134,0,0,243,0,0
52,5,1,5,1,5,11150,905,74,134,0,0,243,0,0
52,5,1,5,1,5,11180,906,74,134,0,0,243,0,0
53,5,1,5,1,5,11210,907,74,134,0,0,243,0,0
53,5,1,5,1,5,11240,908,74,134,0,0,243,0,0
54,5,1,5,1,5,11270,909,74,134,0,0,243,0,0
54,5,1,5,1,5,11300,910,74,134,0,0,243,0,0
55,5,1,5,1,5,11330,911,74,134,0,0,243,0,0
55,5,1,5,1,5,11360,912,74,135,1,0,243,0,0
56,5,1,5,1,5,11390,913,74,135,0,0,243,0,0
56,5,1,5,1,5,11420,914,75,135,0,0,244,0,0
57,5,1,5,1,5,11450,915,75,135,0,0,244,0,0
57,5,1,5,1,5,11480,916,75,135,0,0,244,0,0
58,5,1,5,1,5,11510,917,75,136,1,0,244,0,0
58,5,1,5,1,5,11540,918,75,136,0,0,244,0,0
59,5,1,5,1,5,11570,919,76,136,0,0,245,0,0
59,5,1,5,1,5,11600,920,76,136,0,0,245,0,0
60,5,1,5,1,5,11630,921,76,136,0,0,245,0,0
60,5,1,5,1,5,11660,922,76,136,0,0,245,0,0
61,5,1,5,1,5,11690,923,76,136,0,0,245,0,0
61,5,1,5,1,5,11720,924,76,136,0,0,245,0,0
62,5,1,5,1,5,11750,925,76,136,0,0,245,0,0
62,5,1,5,1,5,11780,926,76,136,0,0,246,0,0
63,5,1,5,1,5,11810,927,76,136,0,0,246,0,0
63,5,1,5,1,5,11840,928,76,136,0,0,246,0,0
64,5,1,5,1,5,11870,929,76,137,1,0,246,0,0
64,5,1,5,1,5,11900,930,76,137,0,0,246,0,0
65,5,1,5,1,5,11930,931,76,137,0,0,247,0,0
65,5,1,5,1,5,11960,932,76,137,0,0,247,0,0
66,5,1,5,1,5,11990,933,76,137,0,0,247,0,0
66,5,1,5,1,5,12020,934,76,137,0,0,247,0,0
67,5,1,5,1,5,12050,935,76,137,0,0,247,0,0
67,5,1,5,1,5,12080,936,76,137,0,0,247,0,0
68,5,1,5,1,5,12110,937,76,137,0,0,247,0,0
68,5,1,5,1,5,12140,938,76,137,0,0,247,0,0
69,5,1,5,1,5,12170,939,76,137,0,0,247,0,0
69,5,1,5,1,5,12200,940,76,137,0,0,247,0,0
70,5,1,5,1,5,12230,941,76,137,0,0,247,0,0
70,5,1,5,1,5,12260,942,76,137,0,0,247,0,0
71,5,1,5,1,5,12290,943,76,137,0,0,247,0,0
71,5,1,5,1,5,12320,944,76,137,0,0,247,0,0
72,5,1,5,1,5,12350,945,76,137,0,0,247,0,0
72,5,1,5,1,5,12380,946,76,137,0,0,247,0,0
73,5,1,5,1,5,12410,947,76,137,0,0,247,0,0
73,5,1,5,1,5,12440,948,76,137,0,0,248,0,0
74,5,1,5,1,5,12470,949,76,137,0,0,248,0,0
74,5,1,5,1,5,12500,950,77,137,0,0,249,0,0
75,5,1,5,1,5,12530,951,77,137,0,0,249,0,0
75,5,1,5,1,5,12560,952,77,137,0,0,249,0,0
76,5,1,5,1,5,12590,953,77,137,0,0,249,0,0
76,5,1,5,1,5,12620,954,77,137,0,0,249,0,0
77,5,1,5,1,5,12650,955,78,137,0,0,250,0,0
77,5,1,5,1,5,12680,956,78,137,0,0,250,0,0
78,5,1,5,1,5,12710,957,78,137,0,0,250,0,0
78,5,1,5,1,5,12740,958,78,137,0,0,250,0,0
79,5,1,5,1,5,12770,959,78,137,0,0,250,0,0
79,5,1,5,1,5,12800,960,78,137,0,0,250,0,0
80,5,1,5,1,5,12830,961,78,137,0,0,250,0,0
80,5,1,5,1,5,12860,962,78,137,0,0,250,0,0
81,5,1,5,1,5,12890,963,78,137,0,0,250,0,0
81,5,1,5,1,5,12920,964,78,137,0,0,251,0,0
82,5,1,5,1,5,12950,965,78,137,0,0,251,0,0
82,5,1,5,1,5,12980,966,79,137,0,0,252,0,0
83,5,1,5,1,5,13010,967,79,137,0,0,252,0,0
83,5,1,5,1,5,13040,968,79,137,0,0,252,0,0
84,5,1,5,1,5,13070,969,79,138,1,0,252,0,0
84,5,1,5,1,5,13100,970,79,138,0,0,252,0,0
85,5,1,5,1,5,13130,971,79,138,0,0,253,0,0
85,5,1,5,1,5,13160,972,79,138,0,0,253,0,0
86,5,1,5,1,5,13190,973,79,138,0,0,253,0,0
86,5,1,5,1,5,13220,974,79,138,0,0,253,0,0
87,5,1,5,1,5,13250,975,79,138,0,0,253,0,0
87,5,1,5,1,5,13280,976,79,138,0,0,253,0,0
88,5,1,5,1,5,13310,977,79,138,0,0,253,0,0
88,5,1,5,1,5,13340,978,80,138,0,0,254,0,0
89,5,1,5,1,5,13370,979,80,138,0,0,254,0,0
89,5,1,5,1,5,13400,980,80,138,0,0,254,0,0
90,5,1,5,1,5,13430,981,80,138,0,0,254,0,0
90,5,1,5,1,5,13460,982,80,138,0,0,254,0,0
91,5,1,5,1,5,13490,983,80,138,0,0,255,0,0
91,5,1,5,1,5,13520,984,80,138,0,0,255,0,0
92,5,1,5,1,5,13550,985,80,138,0,0,255,0,0
92,5,1,5,1,5,13580,986,80,138,0,0,255,0,0
93,5,1,5,1,5,13610,987,80,138,0,0,255,0,0
93,5,1,5,1,5,13640,988,80,138,0,0,255,0,0
94,5,1,5,1,5,13670,989,80,138,0,0,255,0,0
94,5,1,5,1,5,13700,990,81,138,0,0,256,0,0
95,5,1,5,1,5,13730,991,81,138,0,0,256,0,0
95,5,1,5,1,5,13760,992,81,138,0,0,256,0,0
96,5,1,5,1,5,13790,993,81,139,1,0,256,0,0
96,5,1,5,1,5,13820,994,81,139,0,0,256,0,0
97,5,1,5,1,5,13850,995,81,139,0,0,257,0,0
97,5,1,5,1,5,13880,996,81,139,0,0,257,0,0
98,5,1,5,1,5,13910,997,81,139,0,0,257,0,0
98,5,1,5,1,5,13940,998,81,139,0,0,257,0,0
99,5,1,5,1,5,13970,999,81,139,0,0,257,0,0
99,5,1,5,1,5,14000,1000,81,139,0,0,257,0,0
