0,3,3,9,2,6,40971,2401,177,241,0,0,500,0,298
0,3,3,9,2,6,40992,2402,177,241,0,0,501,0,298
1,3,3,9,3,9,41022,2403,177,241,0,0,501,0,298
1,3,3,9,3,9,41052,2404,177,242,1,0,501,0,298
2,3,3,9,3,9,41082,2405,177,242,0,0,502,0,298
2,3,3,9,3,9,41112,2406,177,242,0,0,502,0,298
3,3,3,9,3,9,41142,2407,177,242,0,0,502,0,298
3,3,3,9,3,9,41172,2408,177,242,0,0,502,0,298
4,3,3,9,3,9,41224,2409,180,242,0,0,506,0,301
4,3,3,9,3,9,41289,2410,180,242,0,0,507,0,305
5,3,3,9,2,6,41310,2411,180,242,0,0,507,0,305
5,3,3,9,2,6,41331,2412,180,243,1,0,507,0,305
6,3,3,9,3,9,41390,2413,180,244,1,0,507,0,308
6,3,3,9,3,9,41444,2414,183,244,0,0,510,0,311
7,3,3,9,3,9,41496,2415,183,244,0,0,510,0,314
7,3,3,9,3,9,41561,2416,183,244,0,0,511,0,318
8,3,3,9,3,9,41591,2417,183,244,0,0,511,0,318
8,3,3,9,3,9,41621,2418,184,244,0,0,512,0,318
9,3,3,9,3,9,41651,2419,184,244,0,0,512,0,318
9,3,3,9,3,9,41681,2420,184,244,0,0,513,0,318
10,3,3,9,3,9,41733,2421,185,244,0,0,514,0,321
10,3,3,9,3,9,41798,2422,185,244,0,0,515,0,325
11,3,3,9,2,6,41819,2423,185,245,1,0,515,0,325
11,3,3,9,2,6,41840,2424,185,245,0,0,515,0,325
12,3,3,9,2,6,41861,2425,186,245,0,0,516,0,325
12,3,3,9,2,6,41882,2426,186,245,0,0,516,0,325
13,3,3,9,3,9,41912,2427,186,245,0,0,516,0,325
13,3,3,9,3,9,41942,2428,186,245,0,0,517,0,325
14,3,3,9,3,9,41994,2429,186,245,0,0,518,0,328
14,3,3,9,3,9,42059,2430,186,245,0,0,519,0,332
15,3,3,9,3,9,42111,2431,187,245,0,0,520,0,335
15,3,3,9,3,9,42176,2432,187,245,0,0,521,0,339
16,3,3,9,3,9,42228,2433,187,245,0,0,521,0,342
16,3,3,9,3,9,42293,2434,187,245,0,0,522,0,346
17,3,3,9,2,6,42314,2435,187,245,0,0,522,0,346
17,3,3,9,2,6,42335,2436,187,246,1,0,522,0,346
18,3,3,9,3,9,42387,2437,187,246,0,0,523,0,349
18,3,3,9,3,9,42452,2438,187,246,0,0,524,0,353
19,3,3,9,2,6,42473,2439,187,246,0,0,524,0,353
19,3,3,9,2,6,42494,2440,187,246,0,0,525,0,353
20,3,3,9,3,9,42546,2441,187,246,0,0,525,0,356
20,3,3,9,3,9,42611,2442,187,246,0,0,526,0,360
21,3,3,9,3,9,42663,2443,188,246,0,0,527,0,363
21,3,3,9,3,9,42728,2444,189,246,0,0,528,0,367
22,3,3,9,2,6,42749,2445,189,246,0,0,528,0,367
22,3,3,9,2,6,42770,2446,189,246,0,0,528,0,367
23,3,3,9,2,6,42791,2447,189,246,0,0,528,0,367
23,3,3,9,2,6,42812,2448,189,246,0,0,528,0,367
24,3,3,9,3,9,42864,2449,189,246,0,0,528,0,370
24,3,3,9,3,9,42929,2450,189,246,0,0,528,0,374
25,3,3,9,3,9,42981,2451,189,246,0,0,529,0,377
25,3,3,9,3,9,43046,2452,190,246,0,0,530,0,381
26,3,3,9,3,9,43098,2453,190,246,0,0,531,0,384
26,3,3,9,3,9,43163,2454,191,246,0,0,532,0,388
27,3,3,9,3,9,43193,2455,192,246,0,0,533,0,388
27,3,3,9,3,9,43223,2456,192,247,1,0,533,0,388
28,3,3,9,2,6,43244,2457,192,247,0,0,533,0,388
28,3,3,9,2,6,43265,2458,192,247,0,0,533,0,388
29,3,3,9,3,9,43317,2459,193,247,0,0,534,0,391
29,3,3,9,3,9,43382,2460,194,247,0,0,535,0,395
30,3,3,9,2,6,43403,2461,195,247,0,0,536,0,395
30,3,3,9,2,6,43424,2462,195,247,0,0,536,0,395
31,3,3,9,3,9,43483,2463,195,247,0,0,536,0,398
31,3,3,9,3,9,43537,2464,195,247,0,0,536,0,401
32,3,3,9,3,9,43589,2465,195,247,0,0,536,0,404
32,3,3,9,3,9,43654,2466,195,248,1,0,536,0,408
33,3,3,9,3,9,43706,2467,195,248,0,0,536,0,411
33,3,3,9,3,9,43771,2468,195,248,0,0,537,0,415
34,3,3,9,3,9,43823,2469,196,248,0,0,538,0,418
34,3,3,9,3,9,43888,2470,196,248,0,0,539,0,422
35,3,3,9,3,9,43918,2471,196,248,0,0,539,0,422
35,3,3,9,3,9,43948,2472,196,248,0,0,539,0,422
36,3,3,9,2,6,43969,2473,196,248,0,0,539,0,422
36,3,3,9,2,6,43990,2474,196,249,1,0,539,0,422
37,3,3,9,2,6,44011,2475,196,249,0,0,539,0,422
37,3,3,9,2,6,44032,2476,197,249,0,0,540,0,422
38,3,3,9,2,6,44053,2477,197,249,0,0,540,0,422
38,3,3,9,2,6,44074,2478,197,249,0,0,540,0,422
39,3,3,9,3,9,44104,2479,197,249,0,0,541,0,422
39,3,3,9,3,9,44134,2480,197,249,0,0,541,0,422
40,3,3,9,2,6,44155,2481,197,249,0,0,541,0,422
40,3,3,9,2,6,44176,2482,197,250,1,0,541,0,422
41,3,3,9,2,6,44197,2483,197,250,0,0,541,0,422
41,3,3,9,2,6,44218,2484,197,250,0,0,542,0,422
42,3,3,9,3,9,44270,2485,197,250,0,0,542,0,425
42,3,3,9,3,9,44335,2486,197,250,0,0,543,0,429
43,3,3,9,2,6,44356,2487,197,251,1,0,543,0,429
43,3,3,9,2,6,44377,2488,197,251,0,0,543,0,429
44,3,3,9,3,9,44407,2489,197,251,0,0,543,0,429
44,3,3,9,3,9,44437,2490,197,251,0,0,543,0,429
45,3,3,9,2,6,44458,2491,197,251,0,0,543,0,429
45,3,3,9,2,6,44479,2492,197,251,0,0,543,0,429
46,3,3,9,2,6,44500,2493,197,251,0,0,544,0,429
46,3,3,9,2,6,44521,2494,197,251,0,0,544,0,429
47,3,3,9,3,9,44551,2495,197,251,0,0,544,0,429
47,3,3,9,3,9,44581,2496,197,251,0,0,545,0,429
48,3,3,9,3,9,44611,2497,197,252,1,0,545,0,429
48,3,3,9,3,9,44641,2498,197,252,0,0,545,0,429
49,3,3,9,2,6,44662,2499,197,252,0,0,545,0,429
49,3,3,9,2,6,44683,2500,197,252,0,0,545,0,429
50,3,3,9,2,6,44704,2501,197,252,0,0,545,0,429
50,3,3,9,2,6,44725,2502,197,252,0,0,546,0,429
51,3,3,9,3,9,44755,2503,197,252,0,0,546,0,429
51,3,3,9,3,9,44785,2504,197,252,0,0,546,0,429
52,3,3,9,3,9,44844,2505,198,252,0,0,547,0,432
52,3,3,9,3,9,44898,2506,199,252,0,0,548,0,435
53,3,3,9,3,9,44950,2507,199,252,0,0,549,0,438
53,3,3,9,3,9,45015,2508,199,252,0,0,550,0,442
54,3,3,9,3,9,45045,2509,199,252,0,0,550,0,442
54,3,3,9,3,9,45075,2510,199,252,0,0,550,0,442
55,3,3,9,3,9,45127,2511,199,253,1,0,550,0,445
55,3,3,9,3,9,45192,2512,199,253,0,0,551,0,449
56,3,3,9,3,9,45222,2513,199,253,0,0,551,0,449
56,3,3,9,3,9,45252,2514,199,253,0,0,551,0,449
57,3,3,9,2,6,45273,2515,199,253,0,0,551,0,449
57,3,3,9,2,6,45294,2516,199,254,1,0,551,0,449
58,3,3,9,3,9,45346,2517,199,255,1,0,551,0,452
58,3,3,9,3,9,45411,2518,199,255,0,0,551,0,456
59,3,3,9,3,9,45463,2519,200,255,0,0,552,0,459
59,3,3,9,3,9,45528,2520,201,255,0,0,553,0,463
60,3,3,9,3,9,45580,2521,202,255,0,0,554,0,466
60,3,3,9,3,9,45645,2522,203,255,0,0,555,0,470
61,3,3,9,3,9,45697,2523,203,255,0,0,555,0,473
61,3,3,9,3,9,45762,2524,204,255,0,0,556,0,477
62,3,3,9,3,9,45792,2525,204,255,0,0,556,0,477
62,3,3,9,3,9,45822,2526,204,255,0,0,557,0,477
63,3,3,9,3,9,45874,2527,204,255,0,0,558,0,480
63,3,3,9,3,9,45939,2528,204,255,0,0,559,0,484
64,3,3,9,2,6,45960,2529,204,256,1,0,559,0,484
64,3,3,9,2,6,45981,2530,204,256,0,0,559,0,484
65,3,3,9,2,6,46002,2531,205,256,0,0,560,0,484
65,3,3,9,2,6,46023,2532,205,256,0,0,560,0,484
66,3,3,9,3,9,46075,2533,205,256,0,0,560,0,487
66,3,3,9,3,9,46140,2534,206,256,0,0,561,0,491
67,3,3,9,3,9,46192,2535,206,256,0,0,561,0,494
67,3,3,9,3,9,46257,2536,206,256,0,0,561,0,498
68,3,3,9,3,9,46287,2537,206,256,0,0,561,0,498
68,3,3,9,3,9,46317,2538,207,256,0,0,562,0,498
69,3,3,9,3,9,46369,2539,207,256,0,0,563,0,501
69,3,3,9,3,9,46434,2540,208,256,0,0,564,0,505
70,3,3,9,2,6,46455,2541,208,256,0,0,564,0,505
70,3,3,9,2,6,46476,2542,208,256,0,0,564,0,505
71,3,3,9,3,9,46528,2543,208,257,1,0,564,0,508
71,3,3,9,3,9,46593,2544,208,257,0,0,564,0,512
72,3,3,9,3,9,46645,2545,208,257,0,0,564,0,515
72,3,3,9,3,9,46710,2546,208,257,0,0,565,0,519
73,3,3,9,2,6,46731,2547,208,258,1,0,565,0,519
73,3,3,9,2,6,46752,2548,208,258,0,0,565,0,519
74,3,3,9,2,6,46773,2549,208,258,0,0,565,0,519
74,3,3,9,2,6,46794,2550,208,258,0,0,565,0,519
75,3,3,9,3,9,46846,2551,208,258,0,0,565,0,522
75,3,3,9,3,9,46911,2552,208,258,0,0,565,0,526
76,3,3,9,3,9,46963,2553,208,258,0,0,565,0,529
76,3,3,9,3,9,47028,2554,208,259,1,0,565,0,533
77,3,3,9,3,9,47058,2555,208,259,0,0,565,0,533
77,3,3,9,3,9,47088,2556,208,259,0,0,565,0,533
78,3,3,9,3,9,47118,2557,208,259,0,0,566,0,533
78,3,3,9,3,9,47148,2558,208,259,0,0,566,0,533
79,3,3,9,3,9,47200,2559,208,259,0,0,566,0,536
79,3,3,9,3,9,47265,2560,208,259,0,0,566,0,540
80,3,3,9,2,6,47286,2561,208,259,0,0,566,0,540
80,3,3,9,2,6,47307,2562,208,259,0,0,567,0,540
81,3,3,9,2,6,47328,2563,208,259,0,0,567,0,540
81,3,3,9,2,6,47349,2564,208,259,0,0,567,0,540
82,3,3,9,3,9,47401,2565,209,259,0,0,568,0,543
82,3,3,9,3,9,47466,2566,210,259,0,0,569,0,547
83,3,3,9,3,9,47525,2567,210,259,0,0,569,0,550
83,3,3,9,3,9,47579,2568,210,260,1,0,569,0,553
84,3,3,9,3,9,47631,2569,210,260,0,0,569,0,556
84,3,3,9,3,9,47696,2570,210,260,0,0,570,0,560
85,3,3,9,3,9,47726,2571,210,260,0,0,571,0,560
85,3,3,9,3,9,47756,2572,210,260,0,0,571,0,560
86,3,3,9,3,9,47786,2573,210,260,0,0,571,0,560
86,3,3,9,3,9,47816,2574,211,260,0,0,572,0,560
87,3,3,9,2,6,47837,2575,211,261,1,0,572,0,560
87,3,3,9,2,6,47858,2576,211,261,0,0,572,0,560
88,3,3,9,3,9,47888,2577,212,261,0,0,573,0,560
88,3,3,9,3,9,47918,2578,212,261,0,0,573,0,560
89,3,3,9,3,9,47948,2579,212,261,0,0,573,0,560
89,3,3,9,3,9,47978,2580,213,261,0,0,574,0,560
90,3,3,9,3,9,48037,2581,214,261,0,0,575,0,563
90,3,3,9,3,9,48091,2582,215,261,0,0,576,0,566
91,3,3,9,3,9,48150,2583,216,261,0,0,577,0,569
91,3,3,9,3,9,48204,2584,216,261,0,0,578,0,572
92,3,3,9,3,9,48234,2585,216,261,0,0,578,0,572
92,3,3,9,3,9,48264,2586,216,261,0,0,578,0,572
93,3,3,9,3,9,48316,2587,216,261,0,0,578,0,575
93,3,3,9,3,9,48381,2588,216,261,0,0,579,0,579
94,3,3,9,3,9,48411,2589,216,261,0,0,579,0,579
94,3,3,9,3,9,48441,2590,216,261,0,0,580,0,579
95,3,3,9,2,6,48462,2591,216,262,1,0,580,0,579
95,3,3,9,2,6,48483,2592,216,262,0,0,580,0,579
96,3,3,9,3,9,48513,2593,216,262,0,0,580,0,579
96,3,3,9,3,9,48543,2594,216,263,1,0,580,0,579
97,3,3,9,3,9,48573,2595,216,263,0,0,580,0,579
97,3,3,9,3,9,48603,2596,216,263,0,0,580,0,579
98,3,3,9,3,9,48655,2597,216,263,0,0,580,0,582
98,3,3,9,3,9,48720,2598,217,263,0,0,581,0,586
99,3,3,9,3,9,48750,2599,217,263,0,0,581,0,586
99,3,3,9,3,9,48780,2600,217,263,0,0,582,0,586
